<?xml version='1.0' encoding='UTF-8'?>
<testsuite hostname="LIBP45P-11127H5" name="HelloSpec" tests="1" errors="0" failures="0" skipped="0" time="0.007" timestamp="2019-09-23T17:38:28">
                     <properties>
[...]
</properties>
                     <testcase classname="HelloSpec" name="Hello should start with H" time="0.007">
                                                 
                                               </testcase>
                     <system-out><![CDATA[]]></system-out>
                     <system-err><![CDATA[]]></system-err>
                   </testsuite>